<?xml version="1.0" encoding="UTF-8"?>
<testsuite name="com.blankdev.sidestep.UrlCleanerTest" tests="30" skipped="0" failures="0" errors="0" timestamp="2026-01-09T15:56:38.649Z" hostname="Mac-mini.local" time="0.025">
  <properties/>
  <testcase name="testGetServiceName_wikipediaSubdomain" classname="com.blankdev.sidestep.UrlCleanerTest" time="0.014"/>
  <testcase name="testConvertGoogleMapsToOsm_searchQuery" classname="com.blankdev.sidestep.UrlCleanerTest" time="0.001"/>
  <testcase name="testCleanUrl_facebookNormalization_removesVanity" classname="com.blankdev.sidestep.UrlCleanerTest" time="0.004"/>
  <testcase name="testReplaceDomain_xComProfile" classname="com.blankdev.sidestep.UrlCleanerTest" time="0.0"/>
  <testcase name="testIsTwitterOrXUrl_http" classname="com.blankdev.sidestep.UrlCleanerTest" time="0.0"/>
  <testcase name="testReplaceDomain_photoUrl" classname="com.blankdev.sidestep.UrlCleanerTest" time="0.0"/>
  <testcase name="testReplaceDomain_xComTweet" classname="com.blankdev.sidestep.UrlCleanerTest" time="0.001"/>
  <testcase name="testIsTwitterOrXUrl_x" classname="com.blankdev.sidestep.UrlCleanerTest" time="0.0"/>
  <testcase name="testConvertGoogleMapsToOsm_searchQueryParam" classname="com.blankdev.sidestep.UrlCleanerTest" time="0.0"/>
  <testcase name="testNormalizeFacebookUrl_reel" classname="com.blankdev.sidestep.UrlCleanerTest" time="0.0"/>
  <testcase name="testCleanUrl_removesAppleTracking" classname="com.blankdev.sidestep.UrlCleanerTest" time="0.0"/>
  <testcase name="testReplaceDomain_userProfile" classname="com.blankdev.sidestep.UrlCleanerTest" time="0.0"/>
  <testcase name="testReplaceDomain_threadUrl" classname="com.blankdev.sidestep.UrlCleanerTest" time="0.001"/>
  <testcase name="testCleanUrl_removesTrackingParameters" classname="com.blankdev.sidestep.UrlCleanerTest" time="0.0"/>
  <testcase name="testFullWorkflow_cleanAndReplace" classname="com.blankdev.sidestep.UrlCleanerTest" time="0.0"/>
  <testcase name="testCleanUrl_nestedUrl" classname="com.blankdev.sidestep.UrlCleanerTest" time="0.0"/>
  <testcase name="testConvertGoogleMapsToOsm_usesWww" classname="com.blankdev.sidestep.UrlCleanerTest" time="0.0"/>
  <testcase name="testGetServiceName" classname="com.blankdev.sidestep.UrlCleanerTest" time="0.0"/>
  <testcase name="testConvertGoogleMapsToOsm_searchPath" classname="com.blankdev.sidestep.UrlCleanerTest" time="0.0"/>
  <testcase name="testCleanUrl_preservesPath" classname="com.blankdev.sidestep.UrlCleanerTest" time="0.0"/>
  <testcase name="testIsWikipediaUrl_subdomain" classname="com.blankdev.sidestep.UrlCleanerTest" time="0.0"/>
  <testcase name="testGetServiceName_imgur" classname="com.blankdev.sidestep.UrlCleanerTest" time="0.0"/>
  <testcase name="testCleanUrl_facebookNormalization" classname="com.blankdev.sidestep.UrlCleanerTest" time="0.001"/>
  <testcase name="testCleanUrl_recursiveNestedUrl" classname="com.blankdev.sidestep.UrlCleanerTest" time="0.0"/>
  <testcase name="testIsTwitterOrXUrl_twitter" classname="com.blankdev.sidestep.UrlCleanerTest" time="0.0"/>
  <testcase name="testReplaceDomain_tweetUrl" classname="com.blankdev.sidestep.UrlCleanerTest" time="0.0"/>
  <testcase name="testIsFacebookUrl" classname="com.blankdev.sidestep.UrlCleanerTest" time="0.0"/>
  <testcase name="testNormalizeFacebookUrl_video" classname="com.blankdev.sidestep.UrlCleanerTest" time="0.001"/>
  <testcase name="testReplaceDomain_rimgo" classname="com.blankdev.sidestep.UrlCleanerTest" time="0.0"/>
  <testcase name="testIsImgurUrl" classname="com.blankdev.sidestep.UrlCleanerTest" time="0.0"/>
  <system-out><![CDATA[]]></system-out>
  <system-err><![CDATA[]]></system-err>
</testsuite>
