<?xml version="1.0" encoding="UTF-8"?>
<testsuite name="com.blankdev.sidestep.AlternativeInstancesFetcherTest" tests="4" skipped="0" failures="0" errors="0" timestamp="2026-01-08T03:35:20.794Z" hostname="Mac-mini.local" time="0.054">
  <properties/>
  <testcase name="testInvidiousUpptimeParsing" classname="com.blankdev.sidestep.AlternativeInstancesFetcherTest" time="0.029"/>
  <testcase name="testUptimeValueCalculation" classname="com.blankdev.sidestep.AlternativeInstancesFetcherTest" time="0.009"/>
  <testcase name="testPipedUpptimeParsing" classname="com.blankdev.sidestep.AlternativeInstancesFetcherTest" time="0.0"/>
  <testcase name="testNitterScrapingRegexRobust" classname="com.blankdev.sidestep.AlternativeInstancesFetcherTest" time="0.012"/>
  <system-out><![CDATA[]]></system-out>
  <system-err><![CDATA[]]></system-err>
</testsuite>
