<?xml version="1.0" encoding="UTF-8"?>
<testsuite name="com.blankdev.sidestep.UrlCleanerTest" tests="16" skipped="0" failures="0" errors="0" timestamp="2026-01-08T03:35:21.099Z" hostname="Mac-mini.local" time="0.034">
  <properties/>
  <testcase name="testReplaceDomain_xComProfile" classname="com.blankdev.sidestep.UrlCleanerTest" time="0.027"/>
  <testcase name="testIsTwitterOrXUrl_http" classname="com.blankdev.sidestep.UrlCleanerTest" time="0.0"/>
  <testcase name="testReplaceDomain_photoUrl" classname="com.blankdev.sidestep.UrlCleanerTest" time="0.0"/>
  <testcase name="testReplaceDomain_xComTweet" classname="com.blankdev.sidestep.UrlCleanerTest" time="0.001"/>
  <testcase name="testIsTwitterOrXUrl_x" classname="com.blankdev.sidestep.UrlCleanerTest" time="0.0"/>
  <testcase name="testCleanUrl_removesAppleTracking" classname="com.blankdev.sidestep.UrlCleanerTest" time="0.0"/>
  <testcase name="testReplaceDomain_userProfile" classname="com.blankdev.sidestep.UrlCleanerTest" time="0.001"/>
  <testcase name="testReplaceDomain_threadUrl" classname="com.blankdev.sidestep.UrlCleanerTest" time="0.0"/>
  <testcase name="testCleanUrl_removesTrackingParameters" classname="com.blankdev.sidestep.UrlCleanerTest" time="0.0"/>
  <testcase name="testFullWorkflow_cleanAndReplace" classname="com.blankdev.sidestep.UrlCleanerTest" time="0.001"/>
  <testcase name="testCleanUrl_nestedUrl" classname="com.blankdev.sidestep.UrlCleanerTest" time="0.0"/>
  <testcase name="testGetServiceName" classname="com.blankdev.sidestep.UrlCleanerTest" time="0.0"/>
  <testcase name="testCleanUrl_preservesPath" classname="com.blankdev.sidestep.UrlCleanerTest" time="0.0"/>
  <testcase name="testCleanUrl_recursiveNestedUrl" classname="com.blankdev.sidestep.UrlCleanerTest" time="0.001"/>
  <testcase name="testIsTwitterOrXUrl_twitter" classname="com.blankdev.sidestep.UrlCleanerTest" time="0.0"/>
  <testcase name="testReplaceDomain_tweetUrl" classname="com.blankdev.sidestep.UrlCleanerTest" time="0.001"/>
  <system-out><![CDATA[]]></system-out>
  <system-err><![CDATA[]]></system-err>
</testsuite>
