<?xml version="1.0" encoding="UTF-8"?>
<testsuite name="com.blankdev.sidestep.PreviewFetcherTest" tests="8" skipped="0" failures="0" errors="0" timestamp="2026-01-08T03:35:20.852Z" hostname="Mac-mini.local" time="0.242">
  <properties/>
  <testcase name="testJsonParsingInvidious" classname="com.blankdev.sidestep.PreviewFetcherTest" time="0.001"/>
  <testcase name="testIsoDateParsingWithNitterFormat" classname="com.blankdev.sidestep.PreviewFetcherTest" time="0.228"/>
  <testcase name="testNitterDateRegex" classname="com.blankdev.sidestep.PreviewFetcherTest" time="0.001"/>
  <testcase name="testRedditUrlDetection" classname="com.blankdev.sidestep.PreviewFetcherTest" time="0.0"/>
  <testcase name="testJsonLdExtraction" classname="com.blankdev.sidestep.PreviewFetcherTest" time="0.001"/>
  <testcase name="testDuckDuckGoScraping" classname="com.blankdev.sidestep.PreviewFetcherTest" time="0.003"/>
  <testcase name="testPreviewDataWithAuthor" classname="com.blankdev.sidestep.PreviewFetcherTest" time="0.004"/>
  <testcase name="testRedlibDateScraping" classname="com.blankdev.sidestep.PreviewFetcherTest" time="0.0"/>
  <system-out><![CDATA[]]></system-out>
  <system-err><![CDATA[]]></system-err>
</testsuite>
